0 info it worked if it ends with ok
1 verbose cli [ '/Users/eric/.nvm/v0.10.36/bin/node',
1 verbose cli   '/Users/eric/.nvm/v0.10.36/bin/npm',
1 verbose cli   'run',
1 verbose cli   'validate' ]
2 info using npm@1.4.28
3 info using node@v0.10.36
4 verbose run-script [ 'prevalidate', 'validate', 'postvalidate' ]
5 info prevalidate siren-resource@0.0.5
6 info validate siren-resource@0.0.5
7 verbose unsafe-perm in lifecycle true
8 info siren-resource@0.0.5 Failed to exec validate script
9 error siren-resource@0.0.5 validate: `npm run lint`
9 error Exit status 1
10 error Failed at the siren-resource@0.0.5 validate script.
10 error This is most likely a problem with the siren-resource package,
10 error not with npm itself.
10 error Tell the author that this fails on your system:
10 error     npm run lint
10 error You can get their info via:
10 error     npm owner ls siren-resource
10 error There is likely additional logging output above.
11 error System Darwin 14.1.0
12 error command "/Users/eric/.nvm/v0.10.36/bin/node" "/Users/eric/.nvm/v0.10.36/bin/npm" "run" "validate"
13 error cwd /Users/eric/Dropbox/dev/siren-resource
14 error node -v v0.10.36
15 error npm -v 1.4.28
16 error code ELIFECYCLE
17 verbose exit [ 1, true ]
